INFO - 07/27/23 10:57:04 - 0:00:00 - ============ Initialized logger ============
INFO - 07/27/23 10:57:04 - 0:00:00 - attention_dropout: 0
                                     batch_size: 16
                                     clip_grad_norm: 5
                                     command: python main.py --emb_dim 256 --n_enc_layers 6 --n_dec_layers 6 --n_heads 8 --sort_method 'counter-SMD,counter-SMD' --exp_id "9p27yz3g5m"
                                     cpu: False
                                     dropout: 0
                                     dump_path: ./dumped/transpose/9p27yz3g5m
                                     emb_dim: 256
                                     env_base_seed: 0
                                     exp_id: 9p27yz3g5m
                                     exp_name: transpose
                                     max_epoch: 10000
                                     n_dec_layers: 6
                                     n_enc_layers: 6
                                     n_heads: 8
                                     num_workers: 0
                                     reload_checkpoint: 
                                     reload_data: /public/home/pengwei2022/workspace/_matrix_deep/_diagonal_position_encoding/dataset/TRA/1000_20_20_vd45x
                                     reload_model: 
                                     reload_size: -1
                                     reload_testset: {'rank_20_20': '/public/home/pengwei2022/workspace/_matrix_deep/_diagonal_position_encoding/dataset/TRA/1000_20_20_vd45x', 'rank_19_19': '/public/home/pengwei2022/workspace/_matrix_deep/_diagonal_position_encoding/dataset/TRA/1000_19_19_mxyni', 'rank_18_18': '/public/home/pengwei2022/workspace/_matrix_deep/_diagonal_position_encoding/dataset/TRA/1000_18_18_jtkz0', 'rank_17_17': '/public/home/pengwei2022/workspace/_matrix_deep/_diagonal_position_encoding/dataset/TRA/1000_17_17_v6nyk', 'rank_16_16': '/public/home/pengwei2022/workspace/_matrix_deep/_diagonal_position_encoding/dataset/TRA/1000_16_16_6xari', 'rank_15_15': '/public/home/pengwei2022/workspace/_matrix_deep/_diagonal_position_encoding/dataset/TRA/1000_15_15_agwcw', 'rank_14_14': '/public/home/pengwei2022/workspace/_matrix_deep/_diagonal_position_encoding/dataset/TRA/1000_14_14_48kuw', 'rank_13_13': '/public/home/pengwei2022/workspace/_matrix_deep/_diagonal_position_encoding/dataset/TRA/1000_13_13_gfemn', 'rank_12_12': '/public/home/pengwei2022/workspace/_matrix_deep/_diagonal_position_encoding/dataset/TRA/1000_12_12_sv30k', 'rank_11_11': '/public/home/pengwei2022/workspace/_matrix_deep/_diagonal_position_encoding/dataset/TRA/1000_11_11_l6jao', 'rank_10_10': '/public/home/pengwei2022/workspace/_matrix_deep/_diagonal_position_encoding/dataset/TRA/1000_10_10_vtbu7'}
                                     share_inout_emb: True
                                     sinusoidal_embeddings: False
                                     sort_method: counter-SMD,counter-SMD
                                     stopping_criterion_acc: 50
INFO - 07/27/23 10:57:04 - 0:00:00 - The experiment will be stored in ./dumped/transpose/9p27yz3g5m
                                     
INFO - 07/27/23 10:57:04 - 0:00:00 - Running command: python main.py --emb_dim 256 --n_enc_layers 6 --n_dec_layers 6 --n_heads 8 --sort_method 'counter-SMD,counter-SMD'

INFO - 07/27/23 10:57:04 - 0:00:00 - device is cuda
INFO - 07/27/23 10:57:04 - 0:00:00 - word2id: {'<s>': 0, '</s>': 1, '<pad>': 2, '0': 3, '1': 4, '2': 5, '3': 6, '4': 7, '5': 8, '6': 9, '7': 10, '8': 11, '9': 12}
INFO - 07/27/23 10:57:04 - 0:00:00 - Loading data from /public/home/pengwei2022/workspace/_matrix_deep/_diagonal_position_encoding/dataset/TRA/1000_20_20_vd45x ...
INFO - 07/27/23 10:57:04 - 0:00:00 - Loaded 1000 data from the disk.
DEBUG - 07/27/23 10:57:04 - 0:00:00 - TransformerModel(
                                        (position_embeddings): Embedding(4096, 256)
                                        (embeddings): Embedding(13, 256, padding_idx=1)
                                        (layer_norm_emb): LayerNorm((256,), eps=1e-12, elementwise_affine=True)
                                        (attentions): ModuleList(
                                          (0): MultiHeadAttention(
                                            (q_lin): Linear(in_features=256, out_features=256, bias=True)
                                            (k_lin): Linear(in_features=256, out_features=256, bias=True)
                                            (v_lin): Linear(in_features=256, out_features=256, bias=True)
                                            (out_lin): Linear(in_features=256, out_features=256, bias=True)
                                          )
                                          (1): MultiHeadAttention(
                                            (q_lin): Linear(in_features=256, out_features=256, bias=True)
                                            (k_lin): Linear(in_features=256, out_features=256, bias=True)
                                            (v_lin): Linear(in_features=256, out_features=256, bias=True)
                                            (out_lin): Linear(in_features=256, out_features=256, bias=True)
                                          )
                                          (2): MultiHeadAttention(
                                            (q_lin): Linear(in_features=256, out_features=256, bias=True)
                                            (k_lin): Linear(in_features=256, out_features=256, bias=True)
                                            (v_lin): Linear(in_features=256, out_features=256, bias=True)
                                            (out_lin): Linear(in_features=256, out_features=256, bias=True)
                                          )
                                          (3): MultiHeadAttention(
                                            (q_lin): Linear(in_features=256, out_features=256, bias=True)
                                            (k_lin): Linear(in_features=256, out_features=256, bias=True)
                                            (v_lin): Linear(in_features=256, out_features=256, bias=True)
                                            (out_lin): Linear(in_features=256, out_features=256, bias=True)
                                          )
                                          (4): MultiHeadAttention(
                                            (q_lin): Linear(in_features=256, out_features=256, bias=True)
                                            (k_lin): Linear(in_features=256, out_features=256, bias=True)
                                            (v_lin): Linear(in_features=256, out_features=256, bias=True)
                                            (out_lin): Linear(in_features=256, out_features=256, bias=True)
                                          )
                                          (5): MultiHeadAttention(
                                            (q_lin): Linear(in_features=256, out_features=256, bias=True)
                                            (k_lin): Linear(in_features=256, out_features=256, bias=True)
                                            (v_lin): Linear(in_features=256, out_features=256, bias=True)
                                            (out_lin): Linear(in_features=256, out_features=256, bias=True)
                                          )
                                        )
                                        (layer_norm1): ModuleList(
                                          (0): LayerNorm((256,), eps=1e-12, elementwise_affine=True)
                                          (1): LayerNorm((256,), eps=1e-12, elementwise_affine=True)
                                          (2): LayerNorm((256,), eps=1e-12, elementwise_affine=True)
                                          (3): LayerNorm((256,), eps=1e-12, elementwise_affine=True)
                                          (4): LayerNorm((256,), eps=1e-12, elementwise_affine=True)
                                          (5): LayerNorm((256,), eps=1e-12, elementwise_affine=True)
                                        )
                                        (ffns): ModuleList(
                                          (0): TransformerFFN(
                                            (lin1): Linear(in_features=256, out_features=1024, bias=True)
                                            (lin2): Linear(in_features=1024, out_features=256, bias=True)
                                          )
                                          (1): TransformerFFN(
                                            (lin1): Linear(in_features=256, out_features=1024, bias=True)
                                            (lin2): Linear(in_features=1024, out_features=256, bias=True)
                                          )
                                          (2): TransformerFFN(
                                            (lin1): Linear(in_features=256, out_features=1024, bias=True)
                                            (lin2): Linear(in_features=1024, out_features=256, bias=True)
                                          )
                                          (3): TransformerFFN(
                                            (lin1): Linear(in_features=256, out_features=1024, bias=True)
                                            (lin2): Linear(in_features=1024, out_features=256, bias=True)
                                          )
                                          (4): TransformerFFN(
                                            (lin1): Linear(in_features=256, out_features=1024, bias=True)
                                            (lin2): Linear(in_features=1024, out_features=256, bias=True)
                                          )
                                          (5): TransformerFFN(
                                            (lin1): Linear(in_features=256, out_features=1024, bias=True)
                                            (lin2): Linear(in_features=1024, out_features=256, bias=True)
                                          )
                                        )
                                        (layer_norm2): ModuleList(
                                          (0): LayerNorm((256,), eps=1e-12, elementwise_affine=True)
                                          (1): LayerNorm((256,), eps=1e-12, elementwise_affine=True)
                                          (2): LayerNorm((256,), eps=1e-12, elementwise_affine=True)
                                          (3): LayerNorm((256,), eps=1e-12, elementwise_affine=True)
                                          (4): LayerNorm((256,), eps=1e-12, elementwise_affine=True)
                                          (5): LayerNorm((256,), eps=1e-12, elementwise_affine=True)
                                        )
                                      ): TransformerModel(
                                        (position_embeddings): Embedding(4096, 256)
                                        (embeddings): Embedding(13, 256, padding_idx=1)
                                        (layer_norm_emb): LayerNorm((256,), eps=1e-12, elementwise_affine=True)
                                        (attentions): ModuleList(
                                          (0): MultiHeadAttention(
                                            (q_lin): Linear(in_features=256, out_features=256, bias=True)
                                            (k_lin): Linear(in_features=256, out_features=256, bias=True)
                                            (v_lin): Linear(in_features=256, out_features=256, bias=True)
                                            (out_lin): Linear(in_features=256, out_features=256, bias=True)
                                          )
                                          (1): MultiHeadAttention(
                                            (q_lin): Linear(in_features=256, out_features=256, bias=True)
                                            (k_lin): Linear(in_features=256, out_features=256, bias=True)
                                            (v_lin): Linear(in_features=256, out_features=256, bias=True)
                                            (out_lin): Linear(in_features=256, out_features=256, bias=True)
                                          )
                                          (2): MultiHeadAttention(
                                            (q_lin): Linear(in_features=256, out_features=256, bias=True)
                                            (k_lin): Linear(in_features=256, out_features=256, bias=True)
                                            (v_lin): Linear(in_features=256, out_features=256, bias=True)
                                            (out_lin): Linear(in_features=256, out_features=256, bias=True)
                                          )
                                          (3): MultiHeadAttention(
                                            (q_lin): Linear(in_features=256, out_features=256, bias=True)
                                            (k_lin): Linear(in_features=256, out_features=256, bias=True)
                                            (v_lin): Linear(in_features=256, out_features=256, bias=True)
                                            (out_lin): Linear(in_features=256, out_features=256, bias=True)
                                          )
                                          (4): MultiHeadAttention(
                                            (q_lin): Linear(in_features=256, out_features=256, bias=True)
                                            (k_lin): Linear(in_features=256, out_features=256, bias=True)
                                            (v_lin): Linear(in_features=256, out_features=256, bias=True)
                                            (out_lin): Linear(in_features=256, out_features=256, bias=True)
                                          )
                                          (5): MultiHeadAttention(
                                            (q_lin): Linear(in_features=256, out_features=256, bias=True)
                                            (k_lin): Linear(in_features=256, out_features=256, bias=True)
                                            (v_lin): Linear(in_features=256, out_features=256, bias=True)
                                            (out_lin): Linear(in_features=256, out_features=256, bias=True)
                                          )
                                        )
                                        (layer_norm1): ModuleList(
                                          (0): LayerNorm((256,), eps=1e-12, elementwise_affine=True)
                                          (1): LayerNorm((256,), eps=1e-12, elementwise_affine=True)
                                          (2): LayerNorm((256,), eps=1e-12, elementwise_affine=True)
                                          (3): LayerNorm((256,), eps=1e-12, elementwise_affine=True)
                                          (4): LayerNorm((256,), eps=1e-12, elementwise_affine=True)
                                          (5): LayerNorm((256,), eps=1e-12, elementwise_affine=True)
                                        )
                                        (ffns): ModuleList(
                                          (0): TransformerFFN(
                                            (lin1): Linear(in_features=256, out_features=1024, bias=True)
                                            (lin2): Linear(in_features=1024, out_features=256, bias=True)
                                          )
                                          (1): TransformerFFN(
                                            (lin1): Linear(in_features=256, out_features=1024, bias=True)
                                            (lin2): Linear(in_features=1024, out_features=256, bias=True)
                                          )
                                          (2): TransformerFFN(
                                            (lin1): Linear(in_features=256, out_features=1024, bias=True)
                                            (lin2): Linear(in_features=1024, out_features=256, bias=True)
                                          )
                                          (3): TransformerFFN(
                                            (lin1): Linear(in_features=256, out_features=1024, bias=True)
                                            (lin2): Linear(in_features=1024, out_features=256, bias=True)
                                          )
                                          (4): TransformerFFN(
                                            (lin1): Linear(in_features=256, out_features=1024, bias=True)
                                            (lin2): Linear(in_features=1024, out_features=256, bias=True)
                                          )
                                          (5): TransformerFFN(
                                            (lin1): Linear(in_features=256, out_features=1024, bias=True)
                                            (lin2): Linear(in_features=1024, out_features=256, bias=True)
                                          )
                                        )
                                        (layer_norm2): ModuleList(
                                          (0): LayerNorm((256,), eps=1e-12, elementwise_affine=True)
                                          (1): LayerNorm((256,), eps=1e-12, elementwise_affine=True)
                                          (2): LayerNorm((256,), eps=1e-12, elementwise_affine=True)
                                          (3): LayerNorm((256,), eps=1e-12, elementwise_affine=True)
                                          (4): LayerNorm((256,), eps=1e-12, elementwise_affine=True)
                                          (5): LayerNorm((256,), eps=1e-12, elementwise_affine=True)
                                        )
                                      )
DEBUG - 07/27/23 10:57:04 - 0:00:00 - TransformerModel(
                                        (position_embeddings): Embedding(4096, 256)
                                        (embeddings): Embedding(13, 256, padding_idx=1)
                                        (layer_norm_emb): LayerNorm((256,), eps=1e-12, elementwise_affine=True)
                                        (attentions): ModuleList(
                                          (0): MultiHeadAttention(
                                            (q_lin): Linear(in_features=256, out_features=256, bias=True)
                                            (k_lin): Linear(in_features=256, out_features=256, bias=True)
                                            (v_lin): Linear(in_features=256, out_features=256, bias=True)
                                            (out_lin): Linear(in_features=256, out_features=256, bias=True)
                                          )
                                          (1): MultiHeadAttention(
                                            (q_lin): Linear(in_features=256, out_features=256, bias=True)
                                            (k_lin): Linear(in_features=256, out_features=256, bias=True)
                                            (v_lin): Linear(in_features=256, out_features=256, bias=True)
                                            (out_lin): Linear(in_features=256, out_features=256, bias=True)
                                          )
                                          (2): MultiHeadAttention(
                                            (q_lin): Linear(in_features=256, out_features=256, bias=True)
                                            (k_lin): Linear(in_features=256, out_features=256, bias=True)
                                            (v_lin): Linear(in_features=256, out_features=256, bias=True)
                                            (out_lin): Linear(in_features=256, out_features=256, bias=True)
                                          )
                                          (3): MultiHeadAttention(
                                            (q_lin): Linear(in_features=256, out_features=256, bias=True)
                                            (k_lin): Linear(in_features=256, out_features=256, bias=True)
                                            (v_lin): Linear(in_features=256, out_features=256, bias=True)
                                            (out_lin): Linear(in_features=256, out_features=256, bias=True)
                                          )
                                          (4): MultiHeadAttention(
                                            (q_lin): Linear(in_features=256, out_features=256, bias=True)
                                            (k_lin): Linear(in_features=256, out_features=256, bias=True)
                                            (v_lin): Linear(in_features=256, out_features=256, bias=True)
                                            (out_lin): Linear(in_features=256, out_features=256, bias=True)
                                          )
                                          (5): MultiHeadAttention(
                                            (q_lin): Linear(in_features=256, out_features=256, bias=True)
                                            (k_lin): Linear(in_features=256, out_features=256, bias=True)
                                            (v_lin): Linear(in_features=256, out_features=256, bias=True)
                                            (out_lin): Linear(in_features=256, out_features=256, bias=True)
                                          )
                                        )
                                        (layer_norm1): ModuleList(
                                          (0): LayerNorm((256,), eps=1e-12, elementwise_affine=True)
                                          (1): LayerNorm((256,), eps=1e-12, elementwise_affine=True)
                                          (2): LayerNorm((256,), eps=1e-12, elementwise_affine=True)
                                          (3): LayerNorm((256,), eps=1e-12, elementwise_affine=True)
                                          (4): LayerNorm((256,), eps=1e-12, elementwise_affine=True)
                                          (5): LayerNorm((256,), eps=1e-12, elementwise_affine=True)
                                        )
                                        (ffns): ModuleList(
                                          (0): TransformerFFN(
                                            (lin1): Linear(in_features=256, out_features=1024, bias=True)
                                            (lin2): Linear(in_features=1024, out_features=256, bias=True)
                                          )
                                          (1): TransformerFFN(
                                            (lin1): Linear(in_features=256, out_features=1024, bias=True)
                                            (lin2): Linear(in_features=1024, out_features=256, bias=True)
                                          )
                                          (2): TransformerFFN(
                                            (lin1): Linear(in_features=256, out_features=1024, bias=True)
                                            (lin2): Linear(in_features=1024, out_features=256, bias=True)
                                          )
                                          (3): TransformerFFN(
                                            (lin1): Linear(in_features=256, out_features=1024, bias=True)
                                            (lin2): Linear(in_features=1024, out_features=256, bias=True)
                                          )
                                          (4): TransformerFFN(
                                            (lin1): Linear(in_features=256, out_features=1024, bias=True)
                                            (lin2): Linear(in_features=1024, out_features=256, bias=True)
                                          )
                                          (5): TransformerFFN(
                                            (lin1): Linear(in_features=256, out_features=1024, bias=True)
                                            (lin2): Linear(in_features=1024, out_features=256, bias=True)
                                          )
                                        )
                                        (layer_norm2): ModuleList(
                                          (0): LayerNorm((256,), eps=1e-12, elementwise_affine=True)
                                          (1): LayerNorm((256,), eps=1e-12, elementwise_affine=True)
                                          (2): LayerNorm((256,), eps=1e-12, elementwise_affine=True)
                                          (3): LayerNorm((256,), eps=1e-12, elementwise_affine=True)
                                          (4): LayerNorm((256,), eps=1e-12, elementwise_affine=True)
                                          (5): LayerNorm((256,), eps=1e-12, elementwise_affine=True)
                                        )
                                        (layer_norm15): ModuleList(
                                          (0): LayerNorm((256,), eps=1e-12, elementwise_affine=True)
                                          (1): LayerNorm((256,), eps=1e-12, elementwise_affine=True)
                                          (2): LayerNorm((256,), eps=1e-12, elementwise_affine=True)
                                          (3): LayerNorm((256,), eps=1e-12, elementwise_affine=True)
                                          (4): LayerNorm((256,), eps=1e-12, elementwise_affine=True)
                                          (5): LayerNorm((256,), eps=1e-12, elementwise_affine=True)
                                        )
                                        (encoder_attn): ModuleList(
                                          (0): MultiHeadAttention(
                                            (q_lin): Linear(in_features=256, out_features=256, bias=True)
                                            (k_lin): Linear(in_features=256, out_features=256, bias=True)
                                            (v_lin): Linear(in_features=256, out_features=256, bias=True)
                                            (out_lin): Linear(in_features=256, out_features=256, bias=True)
                                          )
                                          (1): MultiHeadAttention(
                                            (q_lin): Linear(in_features=256, out_features=256, bias=True)
                                            (k_lin): Linear(in_features=256, out_features=256, bias=True)
                                            (v_lin): Linear(in_features=256, out_features=256, bias=True)
                                            (out_lin): Linear(in_features=256, out_features=256, bias=True)
                                          )
                                          (2): MultiHeadAttention(
                                            (q_lin): Linear(in_features=256, out_features=256, bias=True)
                                            (k_lin): Linear(in_features=256, out_features=256, bias=True)
                                            (v_lin): Linear(in_features=256, out_features=256, bias=True)
                                            (out_lin): Linear(in_features=256, out_features=256, bias=True)
                                          )
                                          (3): MultiHeadAttention(
                                            (q_lin): Linear(in_features=256, out_features=256, bias=True)
                                            (k_lin): Linear(in_features=256, out_features=256, bias=True)
                                            (v_lin): Linear(in_features=256, out_features=256, bias=True)
                                            (out_lin): Linear(in_features=256, out_features=256, bias=True)
                                          )
                                          (4): MultiHeadAttention(
                                            (q_lin): Linear(in_features=256, out_features=256, bias=True)
                                            (k_lin): Linear(in_features=256, out_features=256, bias=True)
                                            (v_lin): Linear(in_features=256, out_features=256, bias=True)
                                            (out_lin): Linear(in_features=256, out_features=256, bias=True)
                                          )
                                          (5): MultiHeadAttention(
                                            (q_lin): Linear(in_features=256, out_features=256, bias=True)
                                            (k_lin): Linear(in_features=256, out_features=256, bias=True)
                                            (v_lin): Linear(in_features=256, out_features=256, bias=True)
                                            (out_lin): Linear(in_features=256, out_features=256, bias=True)
                                          )
                                        )
                                        (proj): Linear(in_features=256, out_features=13, bias=True)
                                      ): TransformerModel(
                                        (position_embeddings): Embedding(4096, 256)
                                        (embeddings): Embedding(13, 256, padding_idx=1)
                                        (layer_norm_emb): LayerNorm((256,), eps=1e-12, elementwise_affine=True)
                                        (attentions): ModuleList(
                                          (0): MultiHeadAttention(
                                            (q_lin): Linear(in_features=256, out_features=256, bias=True)
                                            (k_lin): Linear(in_features=256, out_features=256, bias=True)
                                            (v_lin): Linear(in_features=256, out_features=256, bias=True)
                                            (out_lin): Linear(in_features=256, out_features=256, bias=True)
                                          )
                                          (1): MultiHeadAttention(
                                            (q_lin): Linear(in_features=256, out_features=256, bias=True)
                                            (k_lin): Linear(in_features=256, out_features=256, bias=True)
                                            (v_lin): Linear(in_features=256, out_features=256, bias=True)
                                            (out_lin): Linear(in_features=256, out_features=256, bias=True)
                                          )
                                          (2): MultiHeadAttention(
                                            (q_lin): Linear(in_features=256, out_features=256, bias=True)
                                            (k_lin): Linear(in_features=256, out_features=256, bias=True)
                                            (v_lin): Linear(in_features=256, out_features=256, bias=True)
                                            (out_lin): Linear(in_features=256, out_features=256, bias=True)
                                          )
                                          (3): MultiHeadAttention(
                                            (q_lin): Linear(in_features=256, out_features=256, bias=True)
                                            (k_lin): Linear(in_features=256, out_features=256, bias=True)
                                            (v_lin): Linear(in_features=256, out_features=256, bias=True)
                                            (out_lin): Linear(in_features=256, out_features=256, bias=True)
                                          )
                                          (4): MultiHeadAttention(
                                            (q_lin): Linear(in_features=256, out_features=256, bias=True)
                                            (k_lin): Linear(in_features=256, out_features=256, bias=True)
                                            (v_lin): Linear(in_features=256, out_features=256, bias=True)
                                            (out_lin): Linear(in_features=256, out_features=256, bias=True)
                                          )
                                          (5): MultiHeadAttention(
                                            (q_lin): Linear(in_features=256, out_features=256, bias=True)
                                            (k_lin): Linear(in_features=256, out_features=256, bias=True)
                                            (v_lin): Linear(in_features=256, out_features=256, bias=True)
                                            (out_lin): Linear(in_features=256, out_features=256, bias=True)
                                          )
                                        )
                                        (layer_norm1): ModuleList(
                                          (0): LayerNorm((256,), eps=1e-12, elementwise_affine=True)
                                          (1): LayerNorm((256,), eps=1e-12, elementwise_affine=True)
                                          (2): LayerNorm((256,), eps=1e-12, elementwise_affine=True)
                                          (3): LayerNorm((256,), eps=1e-12, elementwise_affine=True)
                                          (4): LayerNorm((256,), eps=1e-12, elementwise_affine=True)
                                          (5): LayerNorm((256,), eps=1e-12, elementwise_affine=True)
                                        )
                                        (ffns): ModuleList(
                                          (0): TransformerFFN(
                                            (lin1): Linear(in_features=256, out_features=1024, bias=True)
                                            (lin2): Linear(in_features=1024, out_features=256, bias=True)
                                          )
                                          (1): TransformerFFN(
                                            (lin1): Linear(in_features=256, out_features=1024, bias=True)
                                            (lin2): Linear(in_features=1024, out_features=256, bias=True)
                                          )
                                          (2): TransformerFFN(
                                            (lin1): Linear(in_features=256, out_features=1024, bias=True)
                                            (lin2): Linear(in_features=1024, out_features=256, bias=True)
                                          )
                                          (3): TransformerFFN(
                                            (lin1): Linear(in_features=256, out_features=1024, bias=True)
                                            (lin2): Linear(in_features=1024, out_features=256, bias=True)
                                          )
                                          (4): TransformerFFN(
                                            (lin1): Linear(in_features=256, out_features=1024, bias=True)
                                            (lin2): Linear(in_features=1024, out_features=256, bias=True)
                                          )
                                          (5): TransformerFFN(
                                            (lin1): Linear(in_features=256, out_features=1024, bias=True)
                                            (lin2): Linear(in_features=1024, out_features=256, bias=True)
                                          )
                                        )
                                        (layer_norm2): ModuleList(
                                          (0): LayerNorm((256,), eps=1e-12, elementwise_affine=True)
                                          (1): LayerNorm((256,), eps=1e-12, elementwise_affine=True)
                                          (2): LayerNorm((256,), eps=1e-12, elementwise_affine=True)
                                          (3): LayerNorm((256,), eps=1e-12, elementwise_affine=True)
                                          (4): LayerNorm((256,), eps=1e-12, elementwise_affine=True)
                                          (5): LayerNorm((256,), eps=1e-12, elementwise_affine=True)
                                        )
                                        (layer_norm15): ModuleList(
                                          (0): LayerNorm((256,), eps=1e-12, elementwise_affine=True)
                                          (1): LayerNorm((256,), eps=1e-12, elementwise_affine=True)
                                          (2): LayerNorm((256,), eps=1e-12, elementwise_affine=True)
                                          (3): LayerNorm((256,), eps=1e-12, elementwise_affine=True)
                                          (4): LayerNorm((256,), eps=1e-12, elementwise_affine=True)
                                          (5): LayerNorm((256,), eps=1e-12, elementwise_affine=True)
                                        )
                                        (encoder_attn): ModuleList(
                                          (0): MultiHeadAttention(
                                            (q_lin): Linear(in_features=256, out_features=256, bias=True)
                                            (k_lin): Linear(in_features=256, out_features=256, bias=True)
                                            (v_lin): Linear(in_features=256, out_features=256, bias=True)
                                            (out_lin): Linear(in_features=256, out_features=256, bias=True)
                                          )
                                          (1): MultiHeadAttention(
                                            (q_lin): Linear(in_features=256, out_features=256, bias=True)
                                            (k_lin): Linear(in_features=256, out_features=256, bias=True)
                                            (v_lin): Linear(in_features=256, out_features=256, bias=True)
                                            (out_lin): Linear(in_features=256, out_features=256, bias=True)
                                          )
                                          (2): MultiHeadAttention(
                                            (q_lin): Linear(in_features=256, out_features=256, bias=True)
                                            (k_lin): Linear(in_features=256, out_features=256, bias=True)
                                            (v_lin): Linear(in_features=256, out_features=256, bias=True)
                                            (out_lin): Linear(in_features=256, out_features=256, bias=True)
                                          )
                                          (3): MultiHeadAttention(
                                            (q_lin): Linear(in_features=256, out_features=256, bias=True)
                                            (k_lin): Linear(in_features=256, out_features=256, bias=True)
                                            (v_lin): Linear(in_features=256, out_features=256, bias=True)
                                            (out_lin): Linear(in_features=256, out_features=256, bias=True)
                                          )
                                          (4): MultiHeadAttention(
                                            (q_lin): Linear(in_features=256, out_features=256, bias=True)
                                            (k_lin): Linear(in_features=256, out_features=256, bias=True)
                                            (v_lin): Linear(in_features=256, out_features=256, bias=True)
                                            (out_lin): Linear(in_features=256, out_features=256, bias=True)
                                          )
                                          (5): MultiHeadAttention(
                                            (q_lin): Linear(in_features=256, out_features=256, bias=True)
                                            (k_lin): Linear(in_features=256, out_features=256, bias=True)
                                            (v_lin): Linear(in_features=256, out_features=256, bias=True)
                                            (out_lin): Linear(in_features=256, out_features=256, bias=True)
                                          )
                                        )
                                        (proj): Linear(in_features=256, out_features=13, bias=True)
                                      )
INFO - 07/27/23 10:57:04 - 0:00:00 - Number of parameters (encoder): 5790976
INFO - 07/27/23 10:57:04 - 0:00:00 - Number of parameters (decoder): 7373069
INFO - 07/27/23 10:57:12 - 0:00:08 - Found 261 parameters in model.
INFO - 07/27/23 10:57:12 - 0:00:08 - 
                                     ============ Starting epoch 0 ... ============
INFO - 07/27/23 10:57:19 - 0:00:15 -      20 -  cross_entropy: 2.34 LR: 1.0000e-04
INFO - 07/27/23 10:57:23 - 0:00:20 -      40 -  cross_entropy: 2.32 LR: 1.0000e-04
INFO - 07/27/23 10:57:26 - 0:00:22 - ****************Test of epoch 0 :****************
INFO - 07/27/23 10:57:29 - 0:00:25 - trainset   - xe_loss: 930.3322987365723, acc_single:9.97 %, acc_total: 0.00 %
INFO - 07/27/23 10:57:29 - 0:00:26 - testset    - xe_loss: 930.3795165538788, acc_single:9.98 %, acc_total: 0.00 %
INFO - 07/27/23 10:57:29 - 0:00:26 - Best "test_total_acc" update for: 0.00 %
INFO - 07/27/23 10:57:29 - 0:00:26 - Saving the best model in ./dumped/transpose/9p27yz3g5m/best_total_acc.pth
INFO - 07/27/23 10:57:30 - 0:00:26 - Saving the checkpoint model in ./dumped/transpose/9p27yz3g5m/checkpoint/checkpoint_epoch0.pth
INFO - 07/27/23 10:57:31 - 0:00:27 - ============ End of epoch 0 ============
INFO - 07/27/23 10:57:31 - 0:00:27 - 
                                     ============ Starting epoch 1 ... ============
INFO - 07/27/23 10:57:33 - 0:00:29 -      60 -  cross_entropy: 2.32 LR: 1.0000e-04
INFO - 07/27/23 10:57:38 - 0:00:34 -      80 -  cross_entropy: 2.32 LR: 1.0000e-04
INFO - 07/27/23 10:57:42 - 0:00:38 -     100 -  cross_entropy: 2.32 LR: 1.0000e-04
INFO - 07/27/23 10:57:42 - 0:00:38 - ****************Test of epoch 1 :****************
INFO - 07/27/23 10:57:45 - 0:00:41 - trainset   - xe_loss: 929.5698841476441, acc_single:10.10 %, acc_total: 0.00 %
INFO - 07/27/23 10:57:46 - 0:00:42 - testset    - xe_loss: 929.6700446605682, acc_single:9.95 %, acc_total: 0.00 %
INFO - 07/27/23 10:57:46 - 0:00:42 - No better "test_total_acc" has been achieved for 1 / 50 th of the rounds,
                                     and the optimal result is currently 0.0 %
INFO - 07/27/23 10:57:46 - 0:00:42 - Saving the checkpoint model in ./dumped/transpose/9p27yz3g5m/checkpoint/checkpoint_epoch1.pth
INFO - 07/27/23 10:57:46 - 0:00:42 - ============ End of epoch 1 ============
INFO - 07/27/23 10:57:46 - 0:00:42 - 
                                     ============ Starting epoch 2 ... ============
INFO - 07/27/23 10:57:51 - 0:00:47 -     120 -  cross_entropy: 2.32 LR: 1.0000e-04
INFO - 07/27/23 10:57:55 - 0:00:52 -     140 -  cross_entropy: 2.32 LR: 1.0000e-04
INFO - 07/27/23 10:57:58 - 0:00:54 - ****************Test of epoch 2 :****************
INFO - 07/27/23 10:58:01 - 0:00:57 - trainset   - xe_loss: 929.1867915058136, acc_single:9.94 %, acc_total: 0.00 %
INFO - 07/27/23 10:58:01 - 0:00:58 - testset    - xe_loss: 929.1981112384797, acc_single:10.10 %, acc_total: 0.00 %
INFO - 07/27/23 10:58:01 - 0:00:58 - No better "test_total_acc" has been achieved for 2 / 50 th of the rounds,
                                     and the optimal result is currently 0.0 %
INFO - 07/27/23 10:58:01 - 0:00:58 - Saving the checkpoint model in ./dumped/transpose/9p27yz3g5m/checkpoint/checkpoint_epoch2.pth
INFO - 07/27/23 10:58:02 - 0:00:58 - ============ End of epoch 2 ============
INFO - 07/27/23 10:58:02 - 0:00:58 - 
                                     ============ Starting epoch 3 ... ============
INFO - 07/27/23 10:58:04 - 0:01:01 -     160 -  cross_entropy: 2.32 LR: 1.0000e-04
INFO - 07/27/23 10:58:09 - 0:01:05 -     180 -  cross_entropy: 2.32 LR: 1.0000e-04
INFO - 07/27/23 10:58:13 - 0:01:10 -     200 -  cross_entropy: 2.32 LR: 1.0000e-04
INFO - 07/27/23 10:58:13 - 0:01:10 - ****************Test of epoch 3 :****************
INFO - 07/27/23 10:58:16 - 0:01:12 - trainset   - xe_loss: 929.0443234920501, acc_single:10.04 %, acc_total: 0.00 %
INFO - 07/27/23 10:58:17 - 0:01:13 - testset    - xe_loss: 929.0698999691009, acc_single:10.08 %, acc_total: 0.00 %
INFO - 07/27/23 10:58:17 - 0:01:13 - No better "test_total_acc" has been achieved for 3 / 50 th of the rounds,
                                     and the optimal result is currently 0.0 %
INFO - 07/27/23 10:58:17 - 0:01:13 - Saving the checkpoint model in ./dumped/transpose/9p27yz3g5m/checkpoint/checkpoint_epoch3.pth
INFO - 07/27/23 10:58:18 - 0:01:14 - ============ End of epoch 3 ============
INFO - 07/27/23 10:58:18 - 0:01:14 - 
                                     ============ Starting epoch 4 ... ============
INFO - 07/27/23 10:58:22 - 0:01:18 -     220 -  cross_entropy: 2.32 LR: 1.0000e-04
INFO - 07/27/23 10:58:26 - 0:01:22 -     240 -  cross_entropy: 2.32 LR: 1.0000e-04
INFO - 07/27/23 10:58:28 - 0:01:24 - ****************Test of epoch 4 :****************
INFO - 07/27/23 10:58:31 - 0:01:27 - trainset   - xe_loss: 928.6489091682434, acc_single:10.11 %, acc_total: 0.00 %
INFO - 07/27/23 10:58:32 - 0:01:28 - testset    - xe_loss: 928.7396888351441, acc_single:9.94 %, acc_total: 0.00 %
INFO - 07/27/23 10:58:32 - 0:01:28 - No better "test_total_acc" has been achieved for 4 / 50 th of the rounds,
                                     and the optimal result is currently 0.0 %
INFO - 07/27/23 10:58:32 - 0:01:28 - Saving the checkpoint model in ./dumped/transpose/9p27yz3g5m/checkpoint/checkpoint_epoch4.pth
INFO - 07/27/23 10:58:32 - 0:01:29 - ============ End of epoch 4 ============
INFO - 07/27/23 10:58:32 - 0:01:29 - 
                                     ============ Starting epoch 5 ... ============
INFO - 07/27/23 10:58:34 - 0:01:31 -     260 -  cross_entropy: 2.32 LR: 1.0000e-04
INFO - 07/27/23 10:58:39 - 0:01:35 -     280 -  cross_entropy: 2.32 LR: 1.0000e-04
INFO - 07/27/23 10:58:44 - 0:01:40 -     300 -  cross_entropy: 2.32 LR: 1.0000e-04
INFO - 07/27/23 10:58:44 - 0:01:40 - ****************Test of epoch 5 :****************
INFO - 07/27/23 10:58:46 - 0:01:43 - trainset   - xe_loss: 928.6778394985199, acc_single:10.16 %, acc_total: 0.00 %
INFO - 07/27/23 10:58:47 - 0:01:43 - testset    - xe_loss: 928.6786464118958, acc_single:10.26 %, acc_total: 0.00 %
INFO - 07/27/23 10:58:47 - 0:01:43 - No better "test_total_acc" has been achieved for 5 / 50 th of the rounds,
                                     and the optimal result is currently 0.0 %
INFO - 07/27/23 10:58:47 - 0:01:43 - Saving the checkpoint model in ./dumped/transpose/9p27yz3g5m/checkpoint/checkpoint_epoch5.pth
INFO - 07/27/23 10:58:48 - 0:01:44 - ============ End of epoch 5 ============
INFO - 07/27/23 10:58:48 - 0:01:44 - 
                                     ============ Starting epoch 6 ... ============
INFO - 07/27/23 10:58:52 - 0:01:48 -     320 -  cross_entropy: 2.32 LR: 1.0000e-04
INFO - 07/27/23 10:58:56 - 0:01:53 -     340 -  cross_entropy: 2.32 LR: 1.0000e-04
INFO - 07/27/23 10:58:59 - 0:01:55 - ****************Test of epoch 6 :****************
INFO - 07/27/23 10:59:02 - 0:01:58 - trainset   - xe_loss: 928.8709556674958, acc_single:10.07 %, acc_total: 0.00 %
INFO - 07/27/23 10:59:02 - 0:01:59 - testset    - xe_loss: 928.9374246788025, acc_single:10.14 %, acc_total: 0.00 %
INFO - 07/27/23 10:59:02 - 0:01:59 - No better "test_total_acc" has been achieved for 6 / 50 th of the rounds,
                                     and the optimal result is currently 0.0 %
INFO - 07/27/23 10:59:02 - 0:01:59 - Saving the checkpoint model in ./dumped/transpose/9p27yz3g5m/checkpoint/checkpoint_epoch6.pth
INFO - 07/27/23 10:59:03 - 0:01:59 - ============ End of epoch 6 ============
INFO - 07/27/23 10:59:03 - 0:01:59 - 
                                     ============ Starting epoch 7 ... ============
INFO - 07/27/23 10:59:05 - 0:02:01 -     360 -  cross_entropy: 2.32 LR: 1.0000e-04
INFO - 07/27/23 10:59:10 - 0:02:06 -     380 -  cross_entropy: 2.32 LR: 1.0000e-04
INFO - 07/27/23 10:59:15 - 0:02:11 -     400 -  cross_entropy: 2.32 LR: 1.0000e-04
INFO - 07/27/23 10:59:15 - 0:02:11 - ****************Test of epoch 7 :****************
INFO - 07/27/23 10:59:18 - 0:02:14 - trainset   - xe_loss: 928.3475442314148, acc_single:10.28 %, acc_total: 0.00 %
INFO - 07/27/23 10:59:18 - 0:02:15 - testset    - xe_loss: 928.3636251354218, acc_single:10.37 %, acc_total: 0.00 %
INFO - 07/27/23 10:59:18 - 0:02:15 - No better "test_total_acc" has been achieved for 7 / 50 th of the rounds,
                                     and the optimal result is currently 0.0 %
INFO - 07/27/23 10:59:18 - 0:02:15 - Saving the checkpoint model in ./dumped/transpose/9p27yz3g5m/checkpoint/checkpoint_epoch7.pth
INFO - 07/27/23 10:59:19 - 0:02:15 - ============ End of epoch 7 ============
INFO - 07/27/23 10:59:19 - 0:02:15 - 
                                     ============ Starting epoch 8 ... ============
INFO - 07/27/23 10:59:24 - 0:02:20 -     420 -  cross_entropy: 2.32 LR: 1.0000e-04
INFO - 07/27/23 10:59:29 - 0:02:25 -     440 -  cross_entropy: 2.31 LR: 1.0000e-04
INFO - 07/27/23 10:59:31 - 0:02:27 - ****************Test of epoch 8 :****************
INFO - 07/27/23 10:59:34 - 0:02:30 - trainset   - xe_loss: 928.6547067070007, acc_single:10.02 %, acc_total: 0.00 %
INFO - 07/27/23 10:59:34 - 0:02:31 - testset    - xe_loss: 928.6759962177276, acc_single:10.14 %, acc_total: 0.00 %
INFO - 07/27/23 10:59:34 - 0:02:31 - No better "test_total_acc" has been achieved for 8 / 50 th of the rounds,
                                     and the optimal result is currently 0.0 %
INFO - 07/27/23 10:59:34 - 0:02:31 - Saving the checkpoint model in ./dumped/transpose/9p27yz3g5m/checkpoint/checkpoint_epoch8.pth
INFO - 07/27/23 10:59:35 - 0:02:31 - ============ End of epoch 8 ============
INFO - 07/27/23 10:59:35 - 0:02:31 - 
                                     ============ Starting epoch 9 ... ============
INFO - 07/27/23 10:59:37 - 0:02:33 -     460 -  cross_entropy: 2.32 LR: 1.0000e-04
INFO - 07/27/23 10:59:42 - 0:02:38 -     480 -  cross_entropy: 2.32 LR: 1.0000e-04
INFO - 07/27/23 10:59:46 - 0:02:42 -     500 -  cross_entropy: 2.32 LR: 1.0000e-04
INFO - 07/27/23 10:59:46 - 0:02:42 - ****************Test of epoch 9 :****************
INFO - 07/27/23 10:59:49 - 0:02:45 - trainset   - xe_loss: 928.8122422027587, acc_single:10.03 %, acc_total: 0.00 %
INFO - 07/27/23 10:59:50 - 0:02:46 - testset    - xe_loss: 928.839306306839, acc_single:10.02 %, acc_total: 0.00 %
INFO - 07/27/23 10:59:50 - 0:02:46 - No better "test_total_acc" has been achieved for 9 / 50 th of the rounds,
                                     and the optimal result is currently 0.0 %
INFO - 07/27/23 10:59:50 - 0:02:46 - Saving the checkpoint model in ./dumped/transpose/9p27yz3g5m/checkpoint/checkpoint_epoch9.pth
INFO - 07/27/23 10:59:50 - 0:02:47 - ============ End of epoch 9 ============
INFO - 07/27/23 10:59:50 - 0:02:47 - 
                                     ============ Starting epoch 10 ... ============
INFO - 07/27/23 10:59:55 - 0:02:51 -     520 -  cross_entropy: 2.32 LR: 1.0000e-04
INFO - 07/27/23 11:00:00 - 0:02:56 -     540 -  cross_entropy: 2.31 LR: 1.0000e-04
INFO - 07/27/23 11:00:02 - 0:02:58 - ****************Test of epoch 10 :****************
INFO - 07/27/23 11:00:05 - 0:03:01 - trainset   - xe_loss: 928.910639743805, acc_single:10.03 %, acc_total: 0.00 %
INFO - 07/27/23 11:00:05 - 0:03:01 - testset    - xe_loss: 928.9803631782531, acc_single:9.88 %, acc_total: 0.00 %
INFO - 07/27/23 11:00:05 - 0:03:01 - No better "test_total_acc" has been achieved for 10 / 50 th of the rounds,
                                     and the optimal result is currently 0.0 %
INFO - 07/27/23 11:00:05 - 0:03:01 - Saving the checkpoint model in ./dumped/transpose/9p27yz3g5m/checkpoint/checkpoint_epoch10.pth
INFO - 07/27/23 11:00:06 - 0:03:02 - ============ End of epoch 10 ============
INFO - 07/27/23 11:00:06 - 0:03:02 - 
                                     ============ Starting epoch 11 ... ============
INFO - 07/27/23 11:00:08 - 0:03:04 -     560 -  cross_entropy: 2.31 LR: 1.0000e-04
INFO - 07/27/23 11:00:12 - 0:03:09 -     580 -  cross_entropy: 2.32 LR: 1.0000e-04
INFO - 07/27/23 11:00:17 - 0:03:13 -     600 -  cross_entropy: 2.31 LR: 1.0000e-04
INFO - 07/27/23 11:00:17 - 0:03:13 - ****************Test of epoch 11 :****************
INFO - 07/27/23 11:00:20 - 0:03:16 - trainset   - xe_loss: 928.9454058551788, acc_single:9.96 %, acc_total: 0.00 %
INFO - 07/27/23 11:00:20 - 0:03:17 - testset    - xe_loss: 929.0560600662232, acc_single:10.07 %, acc_total: 0.00 %
INFO - 07/27/23 11:00:20 - 0:03:17 - No better "test_total_acc" has been achieved for 11 / 50 th of the rounds,
                                     and the optimal result is currently 0.0 %
INFO - 07/27/23 11:00:20 - 0:03:17 - Saving the checkpoint model in ./dumped/transpose/9p27yz3g5m/checkpoint/checkpoint_epoch11.pth
INFO - 07/27/23 11:00:21 - 0:03:17 - ============ End of epoch 11 ============
INFO - 07/27/23 11:00:21 - 0:03:17 - 
                                     ============ Starting epoch 12 ... ============
INFO - 07/27/23 11:00:25 - 0:03:22 -     620 -  cross_entropy: 2.32 LR: 1.0000e-04
INFO - 07/27/23 11:00:30 - 0:03:27 -     640 -  cross_entropy: 2.32 LR: 1.0000e-04
INFO - 07/27/23 11:00:33 - 0:03:29 - ****************Test of epoch 12 :****************
INFO - 07/27/23 11:00:35 - 0:03:32 - trainset   - xe_loss: 927.7647462654114, acc_single:10.67 %, acc_total: 0.00 %
INFO - 07/27/23 11:00:36 - 0:03:32 - testset    - xe_loss: 927.7995391464233, acc_single:10.64 %, acc_total: 0.00 %
INFO - 07/27/23 11:00:36 - 0:03:32 - No better "test_total_acc" has been achieved for 12 / 50 th of the rounds,
                                     and the optimal result is currently 0.0 %
INFO - 07/27/23 11:00:36 - 0:03:32 - Saving the checkpoint model in ./dumped/transpose/9p27yz3g5m/checkpoint/checkpoint_epoch12.pth
INFO - 07/27/23 11:00:37 - 0:03:33 - ============ End of epoch 12 ============
INFO - 07/27/23 11:00:37 - 0:03:33 - 
                                     ============ Starting epoch 13 ... ============
INFO - 07/27/23 11:00:39 - 0:03:35 -     660 -  cross_entropy: 2.31 LR: 1.0000e-04
INFO - 07/27/23 11:00:43 - 0:03:40 -     680 -  cross_entropy: 2.31 LR: 1.0000e-04
INFO - 07/27/23 11:00:48 - 0:03:45 -     700 -  cross_entropy: 2.31 LR: 1.0000e-04
INFO - 07/27/23 11:00:48 - 0:03:45 - ****************Test of epoch 13 :****************
INFO - 07/27/23 11:00:51 - 0:03:47 - trainset   - xe_loss: 927.7825633716583, acc_single:10.78 %, acc_total: 0.00 %
INFO - 07/27/23 11:00:52 - 0:03:48 - testset    - xe_loss: 927.6358695793152, acc_single:10.97 %, acc_total: 0.00 %
INFO - 07/27/23 11:00:52 - 0:03:48 - No better "test_total_acc" has been achieved for 13 / 50 th of the rounds,
                                     and the optimal result is currently 0.0 %
INFO - 07/27/23 11:00:52 - 0:03:48 - Saving the checkpoint model in ./dumped/transpose/9p27yz3g5m/checkpoint/checkpoint_epoch13.pth
INFO - 07/27/23 11:00:52 - 0:03:49 - ============ End of epoch 13 ============
INFO - 07/27/23 11:00:52 - 0:03:49 - 
                                     ============ Starting epoch 14 ... ============
INFO - 07/27/23 11:00:57 - 0:03:54 -     720 -  cross_entropy: 2.31 LR: 1.0000e-04
INFO - 07/27/23 11:01:02 - 0:03:59 -     740 -  cross_entropy: 2.31 LR: 1.0000e-04
INFO - 07/27/23 11:01:04 - 0:04:01 - ****************Test of epoch 14 :****************
INFO - 07/27/23 11:01:07 - 0:04:04 - trainset   - xe_loss: 925.3578077983856, acc_single:11.75 %, acc_total: 0.00 %
INFO - 07/27/23 11:01:08 - 0:04:04 - testset    - xe_loss: 925.3291413402558, acc_single:11.59 %, acc_total: 0.00 %
INFO - 07/27/23 11:01:08 - 0:04:04 - No better "test_total_acc" has been achieved for 14 / 50 th of the rounds,
                                     and the optimal result is currently 0.0 %
INFO - 07/27/23 11:01:08 - 0:04:04 - Saving the checkpoint model in ./dumped/transpose/9p27yz3g5m/checkpoint/checkpoint_epoch14.pth
INFO - 07/27/23 11:01:09 - 0:04:05 - ============ End of epoch 14 ============
INFO - 07/27/23 11:01:09 - 0:04:05 - 
                                     ============ Starting epoch 15 ... ============
INFO - 07/27/23 11:01:11 - 0:04:07 -     760 -  cross_entropy: 2.31 LR: 1.0000e-04
INFO - 07/27/23 11:01:16 - 0:04:12 -     780 -  cross_entropy: 2.31 LR: 1.0000e-04
INFO - 07/27/23 11:01:20 - 0:04:17 -     800 -  cross_entropy: 2.29 LR: 1.0000e-04
INFO - 07/27/23 11:01:20 - 0:04:17 - ****************Test of epoch 15 :****************
INFO - 07/27/23 11:01:23 - 0:04:19 - trainset   - xe_loss: 919.4870923233033, acc_single:11.65 %, acc_total: 0.00 %
INFO - 07/27/23 11:01:24 - 0:04:20 - testset    - xe_loss: 919.551859550476, acc_single:11.63 %, acc_total: 0.00 %
INFO - 07/27/23 11:01:24 - 0:04:20 - No better "test_total_acc" has been achieved for 15 / 50 th of the rounds,
                                     and the optimal result is currently 0.0 %
INFO - 07/27/23 11:01:24 - 0:04:20 - Saving the checkpoint model in ./dumped/transpose/9p27yz3g5m/checkpoint/checkpoint_epoch15.pth
INFO - 07/27/23 11:01:24 - 0:04:21 - ============ End of epoch 15 ============
INFO - 07/27/23 11:01:24 - 0:04:21 - 
                                     ============ Starting epoch 16 ... ============
INFO - 07/27/23 11:01:29 - 0:04:25 -     820 -  cross_entropy: 2.29 LR: 1.0000e-04
INFO - 07/27/23 11:01:33 - 0:04:29 -     840 -  cross_entropy: 2.29 LR: 1.0000e-04
INFO - 07/27/23 11:01:36 - 0:04:32 - ****************Test of epoch 16 :****************
INFO - 07/27/23 11:01:38 - 0:04:35 - trainset   - xe_loss: 917.1005446720123, acc_single:12.34 %, acc_total: 0.00 %
INFO - 07/27/23 11:01:39 - 0:04:35 - testset    - xe_loss: 917.0051950454712, acc_single:12.32 %, acc_total: 0.00 %
INFO - 07/27/23 11:01:39 - 0:04:35 - No better "test_total_acc" has been achieved for 16 / 50 th of the rounds,
                                     and the optimal result is currently 0.0 %
INFO - 07/27/23 11:01:39 - 0:04:35 - Saving the checkpoint model in ./dumped/transpose/9p27yz3g5m/checkpoint/checkpoint_epoch16.pth
INFO - 07/27/23 11:01:40 - 0:04:36 - ============ End of epoch 16 ============
INFO - 07/27/23 11:01:40 - 0:04:36 - 
                                     ============ Starting epoch 17 ... ============
INFO - 07/27/23 11:01:42 - 0:04:39 -     860 -  cross_entropy: 2.29 LR: 1.0000e-04
INFO - 07/27/23 11:01:47 - 0:04:43 -     880 -  cross_entropy: 2.29 LR: 1.0000e-04
INFO - 07/27/23 11:01:52 - 0:04:48 -     900 -  cross_entropy: 2.29 LR: 1.0000e-04
INFO - 07/27/23 11:01:52 - 0:04:48 - ****************Test of epoch 17 :****************
INFO - 07/27/23 11:01:55 - 0:04:51 - trainset   - xe_loss: 916.7021474456787, acc_single:12.45 %, acc_total: 0.00 %
INFO - 07/27/23 11:01:55 - 0:04:52 - testset    - xe_loss: 916.6778865051269, acc_single:12.43 %, acc_total: 0.00 %
INFO - 07/27/23 11:01:55 - 0:04:52 - No better "test_total_acc" has been achieved for 17 / 50 th of the rounds,
                                     and the optimal result is currently 0.0 %
INFO - 07/27/23 11:01:55 - 0:04:52 - Saving the checkpoint model in ./dumped/transpose/9p27yz3g5m/checkpoint/checkpoint_epoch17.pth
INFO - 07/27/23 11:01:56 - 0:04:52 - ============ End of epoch 17 ============
INFO - 07/27/23 11:01:56 - 0:04:52 - 
                                     ============ Starting epoch 18 ... ============
INFO - 07/27/23 11:02:01 - 0:04:57 -     920 -  cross_entropy: 2.29 LR: 1.0000e-04
INFO - 07/27/23 11:02:05 - 0:05:02 -     940 -  cross_entropy: 2.29 LR: 1.0000e-04
INFO - 07/27/23 11:02:08 - 0:05:04 - ****************Test of epoch 18 :****************
INFO - 07/27/23 11:02:11 - 0:05:07 - trainset   - xe_loss: 916.3205577278137, acc_single:12.54 %, acc_total: 0.00 %
INFO - 07/27/23 11:02:11 - 0:05:08 - testset    - xe_loss: 916.6220832824707, acc_single:12.36 %, acc_total: 0.00 %
INFO - 07/27/23 11:02:11 - 0:05:08 - No better "test_total_acc" has been achieved for 18 / 50 th of the rounds,
                                     and the optimal result is currently 0.0 %
INFO - 07/27/23 11:02:11 - 0:05:08 - Saving the checkpoint model in ./dumped/transpose/9p27yz3g5m/checkpoint/checkpoint_epoch18.pth
INFO - 07/27/23 11:02:12 - 0:05:08 - ============ End of epoch 18 ============
INFO - 07/27/23 11:02:12 - 0:05:08 - 
                                     ============ Starting epoch 19 ... ============
INFO - 07/27/23 11:02:14 - 0:05:11 -     960 -  cross_entropy: 2.29 LR: 1.0000e-04
INFO - 07/27/23 11:02:19 - 0:05:15 -     980 -  cross_entropy: 2.28 LR: 1.0000e-04
INFO - 07/27/23 11:02:24 - 0:05:20 -    1000 -  cross_entropy: 2.28 LR: 1.0000e-04
INFO - 07/27/23 11:02:24 - 0:05:20 - ****************Test of epoch 19 :****************
INFO - 07/27/23 11:02:27 - 0:05:23 - trainset   - xe_loss: 915.8599593353272, acc_single:12.73 %, acc_total: 0.00 %
INFO - 07/27/23 11:02:27 - 0:05:24 - testset    - xe_loss: 916.9179298496247, acc_single:12.26 %, acc_total: 0.00 %
INFO - 07/27/23 11:02:27 - 0:05:24 - No better "test_total_acc" has been achieved for 19 / 50 th of the rounds,
                                     and the optimal result is currently 0.0 %
INFO - 07/27/23 11:02:27 - 0:05:24 - Saving the checkpoint model in ./dumped/transpose/9p27yz3g5m/checkpoint/checkpoint_epoch19.pth
INFO - 07/27/23 11:02:28 - 0:05:24 - ============ End of epoch 19 ============
INFO - 07/27/23 11:02:28 - 0:05:24 - 
                                     ============ Starting epoch 20 ... ============
INFO - 07/27/23 11:02:33 - 0:05:29 -    1020 -  cross_entropy: 2.28 LR: 1.0000e-04
INFO - 07/27/23 11:02:37 - 0:05:33 -    1040 -  cross_entropy: 2.28 LR: 1.0000e-04
INFO - 07/27/23 11:02:39 - 0:05:36 - ****************Test of epoch 20 :****************
INFO - 07/27/23 11:02:42 - 0:05:39 - trainset   - xe_loss: 915.0194538879394, acc_single:12.97 %, acc_total: 0.00 %
INFO - 07/27/23 11:02:43 - 0:05:39 - testset    - xe_loss: 916.9137843799591, acc_single:12.30 %, acc_total: 0.00 %
INFO - 07/27/23 11:02:43 - 0:05:39 - No better "test_total_acc" has been achieved for 20 / 50 th of the rounds,
                                     and the optimal result is currently 0.0 %
INFO - 07/27/23 11:02:43 - 0:05:39 - Saving the checkpoint model in ./dumped/transpose/9p27yz3g5m/checkpoint/checkpoint_epoch20.pth
INFO - 07/27/23 11:02:44 - 0:05:40 - ============ End of epoch 20 ============
INFO - 07/27/23 11:02:44 - 0:05:40 - 
                                     ============ Starting epoch 21 ... ============
INFO - 07/27/23 11:02:46 - 0:05:42 -    1060 -  cross_entropy: 2.29 LR: 1.0000e-04
INFO - 07/27/23 11:02:50 - 0:05:47 -    1080 -  cross_entropy: 2.28 LR: 1.0000e-04
INFO - 07/27/23 11:02:55 - 0:05:51 -    1100 -  cross_entropy: 2.28 LR: 1.0000e-04
INFO - 07/27/23 11:02:55 - 0:05:51 - ****************Test of epoch 21 :****************
INFO - 07/27/23 11:02:58 - 0:05:54 - trainset   - xe_loss: 914.3062916088104, acc_single:13.24 %, acc_total: 0.00 %
INFO - 07/27/23 11:02:59 - 0:05:55 - testset    - xe_loss: 917.2952478981018, acc_single:12.18 %, acc_total: 0.00 %
INFO - 07/27/23 11:02:59 - 0:05:55 - No better "test_total_acc" has been achieved for 21 / 50 th of the rounds,
                                     and the optimal result is currently 0.0 %
INFO - 07/27/23 11:02:59 - 0:05:55 - Saving the checkpoint model in ./dumped/transpose/9p27yz3g5m/checkpoint/checkpoint_epoch21.pth
INFO - 07/27/23 11:02:59 - 0:05:56 - ============ End of epoch 21 ============
INFO - 07/27/23 11:02:59 - 0:05:56 - 
                                     ============ Starting epoch 22 ... ============
INFO - 07/27/23 11:03:04 - 0:06:00 -    1120 -  cross_entropy: 2.28 LR: 1.0000e-04
INFO - 07/27/23 11:03:08 - 0:06:05 -    1140 -  cross_entropy: 2.29 LR: 1.0000e-04
INFO - 07/27/23 11:03:11 - 0:06:07 - ****************Test of epoch 22 :****************
INFO - 07/27/23 11:03:14 - 0:06:10 - trainset   - xe_loss: 914.0370502376556, acc_single:13.37 %, acc_total: 0.00 %
INFO - 07/27/23 11:03:14 - 0:06:11 - testset    - xe_loss: 918.1089454650879, acc_single:12.31 %, acc_total: 0.00 %
INFO - 07/27/23 11:03:14 - 0:06:11 - No better "test_total_acc" has been achieved for 22 / 50 th of the rounds,
                                     and the optimal result is currently 0.0 %
INFO - 07/27/23 11:03:14 - 0:06:11 - Saving the checkpoint model in ./dumped/transpose/9p27yz3g5m/checkpoint/checkpoint_epoch22.pth
INFO - 07/27/23 11:03:15 - 0:06:11 - ============ End of epoch 22 ============
INFO - 07/27/23 11:03:15 - 0:06:11 - 
                                     ============ Starting epoch 23 ... ============
INFO - 07/27/23 11:03:17 - 0:06:13 -    1160 -  cross_entropy: 2.28 LR: 1.0000e-04
INFO - 07/27/23 11:03:22 - 0:06:18 -    1180 -  cross_entropy: 2.28 LR: 1.0000e-04
INFO - 07/27/23 11:03:26 - 0:06:22 -    1200 -  cross_entropy: 2.28 LR: 1.0000e-04
INFO - 07/27/23 11:03:26 - 0:06:22 - ****************Test of epoch 23 :****************
INFO - 07/27/23 11:03:29 - 0:06:25 - trainset   - xe_loss: 912.698369474411, acc_single:13.64 %, acc_total: 0.00 %
INFO - 07/27/23 11:03:29 - 0:06:26 - testset    - xe_loss: 917.5356507205963, acc_single:12.35 %, acc_total: 0.00 %
INFO - 07/27/23 11:03:29 - 0:06:26 - No better "test_total_acc" has been achieved for 23 / 50 th of the rounds,
                                     and the optimal result is currently 0.0 %
INFO - 07/27/23 11:03:29 - 0:06:26 - Saving the checkpoint model in ./dumped/transpose/9p27yz3g5m/checkpoint/checkpoint_epoch23.pth
INFO - 07/27/23 11:03:30 - 0:06:26 - ============ End of epoch 23 ============
INFO - 07/27/23 11:03:30 - 0:06:26 - 
                                     ============ Starting epoch 24 ... ============
INFO - 07/27/23 11:03:34 - 0:06:31 -    1220 -  cross_entropy: 2.28 LR: 1.0000e-04
INFO - 07/27/23 11:03:39 - 0:06:35 -    1240 -  cross_entropy: 2.28 LR: 1.0000e-04
INFO - 07/27/23 11:03:41 - 0:06:38 - ****************Test of epoch 24 :****************
INFO - 07/27/23 11:03:44 - 0:06:40 - trainset   - xe_loss: 911.6176065254211, acc_single:13.91 %, acc_total: 0.00 %
INFO - 07/27/23 11:03:45 - 0:06:41 - testset    - xe_loss: 917.428901052475, acc_single:12.29 %, acc_total: 0.00 %
INFO - 07/27/23 11:03:45 - 0:06:41 - No better "test_total_acc" has been achieved for 24 / 50 th of the rounds,
                                     and the optimal result is currently 0.0 %
INFO - 07/27/23 11:03:45 - 0:06:41 - Saving the checkpoint model in ./dumped/transpose/9p27yz3g5m/checkpoint/checkpoint_epoch24.pth
INFO - 07/27/23 11:03:46 - 0:06:42 - ============ End of epoch 24 ============
INFO - 07/27/23 11:03:46 - 0:06:42 - 
                                     ============ Starting epoch 25 ... ============
INFO - 07/27/23 11:03:48 - 0:06:44 -    1260 -  cross_entropy: 2.28 LR: 1.0000e-04
INFO - 07/27/23 11:03:52 - 0:06:48 -    1280 -  cross_entropy: 2.28 LR: 1.0000e-04
INFO - 07/27/23 11:03:57 - 0:06:53 -    1300 -  cross_entropy: 2.28 LR: 1.0000e-04
INFO - 07/27/23 11:03:57 - 0:06:53 - ****************Test of epoch 25 :****************
INFO - 07/27/23 11:03:59 - 0:06:56 - trainset   - xe_loss: 911.0149569606781, acc_single:14.02 %, acc_total: 0.00 %
INFO - 07/27/23 11:04:00 - 0:06:56 - testset    - xe_loss: 918.3710469913483, acc_single:12.24 %, acc_total: 0.00 %
INFO - 07/27/23 11:04:00 - 0:06:56 - No better "test_total_acc" has been achieved for 25 / 50 th of the rounds,
                                     and the optimal result is currently 0.0 %
INFO - 07/27/23 11:04:00 - 0:06:56 - Saving the checkpoint model in ./dumped/transpose/9p27yz3g5m/checkpoint/checkpoint_epoch25.pth
INFO - 07/27/23 11:04:01 - 0:06:57 - ============ End of epoch 25 ============
INFO - 07/27/23 11:04:01 - 0:06:57 - 
                                     ============ Starting epoch 26 ... ============
INFO - 07/27/23 11:04:05 - 0:07:01 -    1320 -  cross_entropy: 2.27 LR: 1.0000e-04
INFO - 07/27/23 11:04:10 - 0:07:06 -    1340 -  cross_entropy: 2.28 LR: 1.0000e-04
INFO - 07/27/23 11:04:12 - 0:07:09 - ****************Test of epoch 26 :****************
INFO - 07/27/23 11:04:15 - 0:07:11 - trainset   - xe_loss: 909.2467764759064, acc_single:14.42 %, acc_total: 0.00 %
INFO - 07/27/23 11:04:16 - 0:07:12 - testset    - xe_loss: 919.3887024307251, acc_single:12.19 %, acc_total: 0.00 %
INFO - 07/27/23 11:04:16 - 0:07:12 - No better "test_total_acc" has been achieved for 26 / 50 th of the rounds,
                                     and the optimal result is currently 0.0 %
INFO - 07/27/23 11:04:16 - 0:07:12 - Saving the checkpoint model in ./dumped/transpose/9p27yz3g5m/checkpoint/checkpoint_epoch26.pth
INFO - 07/27/23 11:04:17 - 0:07:13 - ============ End of epoch 26 ============
INFO - 07/27/23 11:04:17 - 0:07:13 - 
                                     ============ Starting epoch 27 ... ============
INFO - 07/27/23 11:04:19 - 0:07:15 -    1360 -  cross_entropy: 2.27 LR: 1.0000e-04
INFO - 07/27/23 11:04:24 - 0:07:20 -    1380 -  cross_entropy: 2.27 LR: 1.0000e-04
INFO - 07/27/23 11:04:29 - 0:07:25 -    1400 -  cross_entropy: 2.27 LR: 1.0000e-04
INFO - 07/27/23 11:04:29 - 0:07:25 - ****************Test of epoch 27 :****************
INFO - 07/27/23 11:04:31 - 0:07:28 - trainset   - xe_loss: 907.2776554393769, acc_single:14.83 %, acc_total: 0.00 %
INFO - 07/27/23 11:04:32 - 0:07:28 - testset    - xe_loss: 918.8542580795288, acc_single:12.14 %, acc_total: 0.00 %
INFO - 07/27/23 11:04:32 - 0:07:28 - No better "test_total_acc" has been achieved for 27 / 50 th of the rounds,
                                     and the optimal result is currently 0.0 %
INFO - 07/27/23 11:04:32 - 0:07:28 - Saving the checkpoint model in ./dumped/transpose/9p27yz3g5m/checkpoint/checkpoint_epoch27.pth
INFO - 07/27/23 11:04:33 - 0:07:29 - ============ End of epoch 27 ============
INFO - 07/27/23 11:04:33 - 0:07:29 - 
                                     ============ Starting epoch 28 ... ============
INFO - 07/27/23 11:04:37 - 0:07:33 -    1420 -  cross_entropy: 2.27 LR: 1.0000e-04
INFO - 07/27/23 11:04:42 - 0:07:38 -    1440 -  cross_entropy: 2.27 LR: 1.0000e-04
INFO - 07/27/23 11:04:44 - 0:07:40 - ****************Test of epoch 28 :****************
INFO - 07/27/23 11:04:47 - 0:07:43 - trainset   - xe_loss: 905.9638627910614, acc_single:15.18 %, acc_total: 0.00 %
INFO - 07/27/23 11:04:48 - 0:07:44 - testset    - xe_loss: 919.3148182296753, acc_single:12.29 %, acc_total: 0.00 %
INFO - 07/27/23 11:04:48 - 0:07:44 - No better "test_total_acc" has been achieved for 28 / 50 th of the rounds,
                                     and the optimal result is currently 0.0 %
INFO - 07/27/23 11:04:48 - 0:07:44 - Saving the checkpoint model in ./dumped/transpose/9p27yz3g5m/checkpoint/checkpoint_epoch28.pth
INFO - 07/27/23 11:04:49 - 0:07:45 - ============ End of epoch 28 ============
INFO - 07/27/23 11:04:49 - 0:07:45 - 
                                     ============ Starting epoch 29 ... ============
INFO - 07/27/23 11:04:51 - 0:07:47 -    1460 -  cross_entropy: 2.26 LR: 1.0000e-04
INFO - 07/27/23 11:04:55 - 0:07:52 -    1480 -  cross_entropy: 2.26 LR: 1.0000e-04
INFO - 07/27/23 11:05:00 - 0:07:56 -    1500 -  cross_entropy: 2.26 LR: 1.0000e-04
INFO - 07/27/23 11:05:00 - 0:07:56 - ****************Test of epoch 29 :****************
INFO - 07/27/23 11:05:03 - 0:07:59 - trainset   - xe_loss: 902.1942235469818, acc_single:15.79 %, acc_total: 0.00 %
INFO - 07/27/23 11:05:04 - 0:08:00 - testset    - xe_loss: 920.5187368106842, acc_single:12.18 %, acc_total: 0.00 %
INFO - 07/27/23 11:05:04 - 0:08:00 - No better "test_total_acc" has been achieved for 29 / 50 th of the rounds,
                                     and the optimal result is currently 0.0 %
INFO - 07/27/23 11:05:04 - 0:08:00 - Saving the checkpoint model in ./dumped/transpose/9p27yz3g5m/checkpoint/checkpoint_epoch29.pth
INFO - 07/27/23 11:05:04 - 0:08:01 - ============ End of epoch 29 ============
INFO - 07/27/23 11:05:04 - 0:08:01 - 
                                     ============ Starting epoch 30 ... ============
INFO - 07/27/23 11:05:09 - 0:08:05 -    1520 -  cross_entropy: 2.26 LR: 1.0000e-04
INFO - 07/27/23 11:05:13 - 0:08:09 -    1540 -  cross_entropy: 2.26 LR: 1.0000e-04
INFO - 07/27/23 11:05:16 - 0:08:12 - ****************Test of epoch 30 :****************
INFO - 07/27/23 11:05:18 - 0:08:15 - trainset   - xe_loss: 900.380760307312, acc_single:16.12 %, acc_total: 0.00 %
INFO - 07/27/23 11:05:19 - 0:08:15 - testset    - xe_loss: 923.0382607269287, acc_single:12.13 %, acc_total: 0.00 %
INFO - 07/27/23 11:05:19 - 0:08:15 - No better "test_total_acc" has been achieved for 30 / 50 th of the rounds,
                                     and the optimal result is currently 0.0 %
INFO - 07/27/23 11:05:19 - 0:08:15 - Saving the checkpoint model in ./dumped/transpose/9p27yz3g5m/checkpoint/checkpoint_epoch30.pth
INFO - 07/27/23 11:05:20 - 0:08:16 - ============ End of epoch 30 ============
INFO - 07/27/23 11:05:20 - 0:08:16 - 
                                     ============ Starting epoch 31 ... ============
INFO - 07/27/23 11:05:22 - 0:08:18 -    1560 -  cross_entropy: 2.25 LR: 1.0000e-04
INFO - 07/27/23 11:05:26 - 0:08:23 -    1580 -  cross_entropy: 2.25 LR: 1.0000e-04
INFO - 07/27/23 11:05:31 - 0:08:27 -    1600 -  cross_entropy: 2.25 LR: 1.0000e-04
INFO - 07/27/23 11:05:31 - 0:08:27 - ****************Test of epoch 31 :****************
INFO - 07/27/23 11:05:34 - 0:08:30 - trainset   - xe_loss: 898.272188577652, acc_single:16.50 %, acc_total: 0.00 %
INFO - 07/27/23 11:05:35 - 0:08:31 - testset    - xe_loss: 920.9813352775574, acc_single:12.28 %, acc_total: 0.00 %
INFO - 07/27/23 11:05:35 - 0:08:31 - No better "test_total_acc" has been achieved for 31 / 50 th of the rounds,
                                     and the optimal result is currently 0.0 %
INFO - 07/27/23 11:05:35 - 0:08:31 - Saving the checkpoint model in ./dumped/transpose/9p27yz3g5m/checkpoint/checkpoint_epoch31.pth
INFO - 07/27/23 11:05:35 - 0:08:31 - ============ End of epoch 31 ============
INFO - 07/27/23 11:05:35 - 0:08:31 - 
                                     ============ Starting epoch 32 ... ============
INFO - 07/27/23 11:05:40 - 0:08:36 -    1620 -  cross_entropy: 2.25 LR: 1.0000e-04
INFO - 07/27/23 11:05:44 - 0:08:41 -    1640 -  cross_entropy: 2.25 LR: 1.0000e-04
INFO - 07/27/23 11:05:47 - 0:08:43 - ****************Test of epoch 32 :****************
INFO - 07/27/23 11:05:50 - 0:08:46 - trainset   - xe_loss: 895.4399073314667, acc_single:17.01 %, acc_total: 0.00 %
INFO - 07/27/23 11:05:51 - 0:08:47 - testset    - xe_loss: 923.0417331314087, acc_single:12.28 %, acc_total: 0.00 %
INFO - 07/27/23 11:05:51 - 0:08:47 - No better "test_total_acc" has been achieved for 32 / 50 th of the rounds,
                                     and the optimal result is currently 0.0 %
INFO - 07/27/23 11:05:51 - 0:08:47 - Saving the checkpoint model in ./dumped/transpose/9p27yz3g5m/checkpoint/checkpoint_epoch32.pth
INFO - 07/27/23 11:05:51 - 0:08:48 - ============ End of epoch 32 ============
INFO - 07/27/23 11:05:51 - 0:08:48 - 
                                     ============ Starting epoch 33 ... ============
INFO - 07/27/23 11:05:53 - 0:08:50 -    1660 -  cross_entropy: 2.23 LR: 1.0000e-04
INFO - 07/27/23 11:05:58 - 0:08:55 -    1680 -  cross_entropy: 2.24 LR: 1.0000e-04
INFO - 07/27/23 11:06:03 - 0:08:59 -    1700 -  cross_entropy: 2.25 LR: 1.0000e-04
INFO - 07/27/23 11:06:03 - 0:08:59 - ****************Test of epoch 33 :****************
INFO - 07/27/23 11:06:06 - 0:09:02 - trainset   - xe_loss: 892.4134773731232, acc_single:17.41 %, acc_total: 0.00 %
INFO - 07/27/23 11:06:07 - 0:09:03 - testset    - xe_loss: 926.069822807312, acc_single:12.25 %, acc_total: 0.00 %
INFO - 07/27/23 11:06:07 - 0:09:03 - No better "test_total_acc" has been achieved for 33 / 50 th of the rounds,
                                     and the optimal result is currently 0.0 %
INFO - 07/27/23 11:06:07 - 0:09:03 - Saving the checkpoint model in ./dumped/transpose/9p27yz3g5m/checkpoint/checkpoint_epoch33.pth
INFO - 07/27/23 11:06:07 - 0:09:04 - ============ End of epoch 33 ============
INFO - 07/27/23 11:06:07 - 0:09:04 - 
                                     ============ Starting epoch 34 ... ============
INFO - 07/27/23 11:06:12 - 0:09:08 -    1720 -  cross_entropy: 2.23 LR: 1.0000e-04
INFO - 07/27/23 11:06:17 - 0:09:13 -    1740 -  cross_entropy: 2.24 LR: 1.0000e-04
INFO - 07/27/23 11:06:19 - 0:09:16 - ****************Test of epoch 34 :****************
INFO - 07/27/23 11:06:22 - 0:09:18 - trainset   - xe_loss: 888.2749448680878, acc_single:18.01 %, acc_total: 0.00 %
INFO - 07/27/23 11:06:23 - 0:09:19 - testset    - xe_loss: 927.228925189972, acc_single:12.38 %, acc_total: 0.00 %
INFO - 07/27/23 11:06:23 - 0:09:19 - No better "test_total_acc" has been achieved for 34 / 50 th of the rounds,
                                     and the optimal result is currently 0.0 %
INFO - 07/27/23 11:06:23 - 0:09:19 - Saving the checkpoint model in ./dumped/transpose/9p27yz3g5m/checkpoint/checkpoint_epoch34.pth
INFO - 07/27/23 11:06:24 - 0:09:20 - ============ End of epoch 34 ============
INFO - 07/27/23 11:06:24 - 0:09:20 - 
                                     ============ Starting epoch 35 ... ============
INFO - 07/27/23 11:06:26 - 0:09:22 -    1760 -  cross_entropy: 2.22 LR: 1.0000e-04
INFO - 07/27/23 11:06:31 - 0:09:27 -    1780 -  cross_entropy: 2.22 LR: 1.0000e-04
INFO - 07/27/23 11:06:35 - 0:09:32 -    1800 -  cross_entropy: 2.23 LR: 1.0000e-04
INFO - 07/27/23 11:06:35 - 0:09:32 - ****************Test of epoch 35 :****************
INFO - 07/27/23 11:06:38 - 0:09:35 - trainset   - xe_loss: 887.4770566844941, acc_single:17.96 %, acc_total: 0.00 %
INFO - 07/27/23 11:06:39 - 0:09:35 - testset    - xe_loss: 929.1677774143219, acc_single:12.01 %, acc_total: 0.00 %
INFO - 07/27/23 11:06:39 - 0:09:35 - No better "test_total_acc" has been achieved for 35 / 50 th of the rounds,
                                     and the optimal result is currently 0.0 %
INFO - 07/27/23 11:06:39 - 0:09:35 - Saving the checkpoint model in ./dumped/transpose/9p27yz3g5m/checkpoint/checkpoint_epoch35.pth
INFO - 07/27/23 11:06:40 - 0:09:36 - ============ End of epoch 35 ============
INFO - 07/27/23 11:06:40 - 0:09:36 - 
                                     ============ Starting epoch 36 ... ============
INFO - 07/27/23 11:06:44 - 0:09:40 -    1820 -  cross_entropy: 2.20 LR: 1.0000e-04
INFO - 07/27/23 11:06:49 - 0:09:45 -    1840 -  cross_entropy: 2.21 LR: 1.0000e-04
INFO - 07/27/23 11:06:51 - 0:09:48 - ****************Test of epoch 36 :****************
INFO - 07/27/23 11:06:54 - 0:09:50 - trainset   - xe_loss: 878.728249464035, acc_single:19.40 %, acc_total: 0.00 %
INFO - 07/27/23 11:06:55 - 0:09:51 - testset    - xe_loss: 932.5047772407531, acc_single:12.14 %, acc_total: 0.00 %
INFO - 07/27/23 11:06:55 - 0:09:51 - No better "test_total_acc" has been achieved for 36 / 50 th of the rounds,
                                     and the optimal result is currently 0.0 %
INFO - 07/27/23 11:06:55 - 0:09:51 - Saving the checkpoint model in ./dumped/transpose/9p27yz3g5m/checkpoint/checkpoint_epoch36.pth
INFO - 07/27/23 11:06:56 - 0:09:52 - ============ End of epoch 36 ============
INFO - 07/27/23 11:06:56 - 0:09:52 - 
                                     ============ Starting epoch 37 ... ============
INFO - 07/27/23 11:06:58 - 0:09:54 -    1860 -  cross_entropy: 2.19 LR: 1.0000e-04
INFO - 07/27/23 11:07:03 - 0:09:59 -    1880 -  cross_entropy: 2.22 LR: 1.0000e-04
INFO - 07/27/23 11:07:08 - 0:10:04 -    1900 -  cross_entropy: 2.21 LR: 1.0000e-04
INFO - 07/27/23 11:07:08 - 0:10:04 - ****************Test of epoch 37 :****************
INFO - 07/27/23 11:07:11 - 0:10:07 - trainset   - xe_loss: 877.6085634613037, acc_single:19.44 %, acc_total: 0.00 %
INFO - 07/27/23 11:07:11 - 0:10:08 - testset    - xe_loss: 935.7111909484863, acc_single:12.20 %, acc_total: 0.00 %
INFO - 07/27/23 11:07:11 - 0:10:08 - No better "test_total_acc" has been achieved for 37 / 50 th of the rounds,
                                     and the optimal result is currently 0.0 %
INFO - 07/27/23 11:07:11 - 0:10:08 - Saving the checkpoint model in ./dumped/transpose/9p27yz3g5m/checkpoint/checkpoint_epoch37.pth
INFO - 07/27/23 11:07:12 - 0:10:08 - ============ End of epoch 37 ============
INFO - 07/27/23 11:07:12 - 0:10:08 - 
                                     ============ Starting epoch 38 ... ============
INFO - 07/27/23 11:07:16 - 0:10:13 -    1920 -  cross_entropy: 2.20 LR: 1.0000e-04
INFO - 07/27/23 11:07:21 - 0:10:17 -    1940 -  cross_entropy: 2.21 LR: 1.0000e-04
INFO - 07/27/23 11:07:23 - 0:10:19 - ****************Test of epoch 38 :****************
INFO - 07/27/23 11:07:26 - 0:10:22 - trainset   - xe_loss: 867.4249189376831, acc_single:21.15 %, acc_total: 0.00 %
INFO - 07/27/23 11:07:27 - 0:10:23 - testset    - xe_loss: 932.5283115768433, acc_single:12.52 %, acc_total: 0.00 %
INFO - 07/27/23 11:07:27 - 0:10:23 - No better "test_total_acc" has been achieved for 38 / 50 th of the rounds,
                                     and the optimal result is currently 0.0 %
INFO - 07/27/23 11:07:27 - 0:10:23 - Saving the checkpoint model in ./dumped/transpose/9p27yz3g5m/checkpoint/checkpoint_epoch38.pth
INFO - 07/27/23 11:07:27 - 0:10:24 - ============ End of epoch 38 ============
INFO - 07/27/23 11:07:27 - 0:10:24 - 
                                     ============ Starting epoch 39 ... ============
INFO - 07/27/23 11:07:30 - 0:10:26 -    1960 -  cross_entropy: 2.17 LR: 1.0000e-04
INFO - 07/27/23 11:07:34 - 0:10:31 -    1980 -  cross_entropy: 2.16 LR: 1.0000e-04
INFO - 07/27/23 11:07:39 - 0:10:35 -    2000 -  cross_entropy: 2.18 LR: 1.0000e-04
INFO - 07/27/23 11:07:39 - 0:10:35 - ****************Test of epoch 39 :****************
INFO - 07/27/23 11:07:42 - 0:10:38 - trainset   - xe_loss: 861.3396983528137, acc_single:21.77 %, acc_total: 0.00 %
INFO - 07/27/23 11:07:43 - 0:10:39 - testset    - xe_loss: 936.4626185131073, acc_single:12.98 %, acc_total: 0.00 %
INFO - 07/27/23 11:07:43 - 0:10:39 - No better "test_total_acc" has been achieved for 39 / 50 th of the rounds,
                                     and the optimal result is currently 0.0 %
INFO - 07/27/23 11:07:43 - 0:10:39 - Saving the checkpoint model in ./dumped/transpose/9p27yz3g5m/checkpoint/checkpoint_epoch39.pth
INFO - 07/27/23 11:07:43 - 0:10:40 - ============ End of epoch 39 ============
INFO - 07/27/23 11:07:43 - 0:10:40 - 
                                     ============ Starting epoch 40 ... ============
INFO - 07/27/23 11:07:47 - 0:10:44 -    2020 -  cross_entropy: 2.15 LR: 1.0000e-04
INFO - 07/27/23 11:07:52 - 0:10:48 -    2040 -  cross_entropy: 2.16 LR: 1.0000e-04
INFO - 07/27/23 11:07:54 - 0:10:51 - ****************Test of epoch 40 :****************
INFO - 07/27/23 11:07:57 - 0:10:53 - trainset   - xe_loss: 850.8811946582795, acc_single:23.00 %, acc_total: 0.00 %
INFO - 07/27/23 11:07:58 - 0:10:54 - testset    - xe_loss: 936.4711159610748, acc_single:13.13 %, acc_total: 0.00 %
INFO - 07/27/23 11:07:58 - 0:10:54 - No better "test_total_acc" has been achieved for 40 / 50 th of the rounds,
                                     and the optimal result is currently 0.0 %
INFO - 07/27/23 11:07:58 - 0:10:54 - Saving the checkpoint model in ./dumped/transpose/9p27yz3g5m/checkpoint/checkpoint_epoch40.pth
INFO - 07/27/23 11:07:59 - 0:10:55 - ============ End of epoch 40 ============
INFO - 07/27/23 11:07:59 - 0:10:55 - 
                                     ============ Starting epoch 41 ... ============
INFO - 07/27/23 11:08:01 - 0:10:57 -    2060 -  cross_entropy: 2.12 LR: 1.0000e-04
INFO - 07/27/23 11:08:06 - 0:11:02 -    2080 -  cross_entropy: 2.11 LR: 1.0000e-04
INFO - 07/27/23 11:08:11 - 0:11:07 -    2100 -  cross_entropy: 2.12 LR: 1.0000e-04
INFO - 07/27/23 11:08:11 - 0:11:07 - ****************Test of epoch 41 :****************
INFO - 07/27/23 11:08:13 - 0:11:10 - trainset   - xe_loss: 838.941542186737, acc_single:24.31 %, acc_total: 0.00 %
INFO - 07/27/23 11:08:14 - 0:11:10 - testset    - xe_loss: 934.4967595481872, acc_single:13.55 %, acc_total: 0.00 %
INFO - 07/27/23 11:08:14 - 0:11:10 - No better "test_total_acc" has been achieved for 41 / 50 th of the rounds,
                                     and the optimal result is currently 0.0 %
INFO - 07/27/23 11:08:14 - 0:11:10 - Saving the checkpoint model in ./dumped/transpose/9p27yz3g5m/checkpoint/checkpoint_epoch41.pth
INFO - 07/27/23 11:08:15 - 0:11:11 - ============ End of epoch 41 ============
INFO - 07/27/23 11:08:15 - 0:11:11 - 
                                     ============ Starting epoch 42 ... ============
INFO - 07/27/23 11:08:19 - 0:11:16 -    2120 -  cross_entropy: 2.10 LR: 1.0000e-04
INFO - 07/27/23 11:08:24 - 0:11:21 -    2140 -  cross_entropy: 2.09 LR: 1.0000e-04
INFO - 07/27/23 11:08:27 - 0:11:23 - ****************Test of epoch 42 :****************
INFO - 07/27/23 11:08:30 - 0:11:26 - trainset   - xe_loss: 826.3094433116913, acc_single:25.72 %, acc_total: 0.00 %
INFO - 07/27/23 11:08:30 - 0:11:27 - testset    - xe_loss: 932.7285561180115, acc_single:14.41 %, acc_total: 0.00 %
INFO - 07/27/23 11:08:30 - 0:11:27 - No better "test_total_acc" has been achieved for 42 / 50 th of the rounds,
                                     and the optimal result is currently 0.0 %
INFO - 07/27/23 11:08:30 - 0:11:27 - Saving the checkpoint model in ./dumped/transpose/9p27yz3g5m/checkpoint/checkpoint_epoch42.pth
INFO - 07/27/23 11:08:31 - 0:11:27 - ============ End of epoch 42 ============
INFO - 07/27/23 11:08:31 - 0:11:27 - 
                                     ============ Starting epoch 43 ... ============
INFO - 07/27/23 11:08:33 - 0:11:29 -    2160 -  cross_entropy: 2.03 LR: 1.0000e-04
INFO - 07/27/23 11:08:38 - 0:11:34 -    2180 -  cross_entropy: 2.04 LR: 1.0000e-04
INFO - 07/27/23 11:08:42 - 0:11:38 -    2200 -  cross_entropy: 2.05 LR: 1.0000e-04
INFO - 07/27/23 11:08:42 - 0:11:38 - ****************Test of epoch 43 :****************
INFO - 07/27/23 11:08:45 - 0:11:41 - trainset   - xe_loss: 798.015660610199, acc_single:29.10 %, acc_total: 0.00 %
INFO - 07/27/23 11:08:46 - 0:11:42 - testset    - xe_loss: 917.9561023044586, acc_single:16.37 %, acc_total: 0.00 %
INFO - 07/27/23 11:08:46 - 0:11:42 - No better "test_total_acc" has been achieved for 43 / 50 th of the rounds,
                                     and the optimal result is currently 0.0 %
INFO - 07/27/23 11:08:46 - 0:11:42 - Saving the checkpoint model in ./dumped/transpose/9p27yz3g5m/checkpoint/checkpoint_epoch43.pth
INFO - 07/27/23 11:08:46 - 0:11:43 - ============ End of epoch 43 ============
INFO - 07/27/23 11:08:46 - 0:11:43 - 
                                     ============ Starting epoch 44 ... ============
INFO - 07/27/23 11:08:51 - 0:11:47 -    2220 -  cross_entropy: 1.99 LR: 1.0000e-04
INFO - 07/27/23 11:08:55 - 0:11:52 -    2240 -  cross_entropy: 1.93 LR: 1.0000e-04
INFO - 07/27/23 11:08:58 - 0:11:54 - ****************Test of epoch 44 :****************
INFO - 07/27/23 11:09:00 - 0:11:57 - trainset   - xe_loss: 738.7952745342254, acc_single:34.90 %, acc_total: 0.00 %
INFO - 07/27/23 11:09:01 - 0:11:57 - testset    - xe_loss: 857.7275410652161, acc_single:22.95 %, acc_total: 0.00 %
INFO - 07/27/23 11:09:01 - 0:11:57 - No better "test_total_acc" has been achieved for 44 / 50 th of the rounds,
                                     and the optimal result is currently 0.0 %
INFO - 07/27/23 11:09:01 - 0:11:57 - Saving the checkpoint model in ./dumped/transpose/9p27yz3g5m/checkpoint/checkpoint_epoch44.pth
INFO - 07/27/23 11:09:02 - 0:11:58 - ============ End of epoch 44 ============
INFO - 07/27/23 11:09:02 - 0:11:58 - 
                                     ============ Starting epoch 45 ... ============
INFO - 07/27/23 11:09:04 - 0:12:00 -    2260 -  cross_entropy: 1.81 LR: 1.0000e-04
INFO - 07/27/23 11:09:09 - 0:12:05 -    2280 -  cross_entropy: 1.66 LR: 1.0000e-04
INFO - 07/27/23 11:09:13 - 0:12:10 -    2300 -  cross_entropy: 1.30 LR: 1.0000e-04
INFO - 07/27/23 11:09:13 - 0:12:10 - ****************Test of epoch 45 :****************
INFO - 07/27/23 11:09:16 - 0:12:13 - trainset   - xe_loss: 515.6038722801209, acc_single:56.42 %, acc_total: 0.00 %
INFO - 07/27/23 11:09:17 - 0:12:13 - testset    - xe_loss: 604.473997797966, acc_single:48.97 %, acc_total: 0.00 %
INFO - 07/27/23 11:09:17 - 0:12:13 - No better "test_total_acc" has been achieved for 45 / 50 th of the rounds,
                                     and the optimal result is currently 0.0 %
INFO - 07/27/23 11:09:17 - 0:12:13 - Saving the checkpoint model in ./dumped/transpose/9p27yz3g5m/checkpoint/checkpoint_epoch45.pth
INFO - 07/27/23 11:09:18 - 0:12:14 - ============ End of epoch 45 ============
INFO - 07/27/23 11:09:18 - 0:12:14 - 
                                     ============ Starting epoch 46 ... ============
INFO - 07/27/23 11:09:22 - 0:12:19 -    2320 -  cross_entropy: 0.74 LR: 1.0000e-04
INFO - 07/27/23 11:09:27 - 0:12:23 -    2340 -  cross_entropy: 0.16 LR: 1.0000e-04
INFO - 07/27/23 11:09:29 - 0:12:25 - ****************Test of epoch 46 :****************
INFO - 07/27/23 11:09:32 - 0:12:28 - trainset   - xe_loss: 19.470744350254535, acc_single:98.60 %, acc_total: 0.00 %
INFO - 07/27/23 11:09:33 - 0:12:29 - testset    - xe_loss: 23.063617101311685, acc_single:98.37 %, acc_total: 0.00 %
INFO - 07/27/23 11:09:33 - 0:12:29 - No better "test_total_acc" has been achieved for 46 / 50 th of the rounds,
                                     and the optimal result is currently 0.0 %
INFO - 07/27/23 11:09:33 - 0:12:29 - Saving the checkpoint model in ./dumped/transpose/9p27yz3g5m/checkpoint/checkpoint_epoch46.pth
INFO - 07/27/23 11:09:33 - 0:12:29 - ============ End of epoch 46 ============
INFO - 07/27/23 11:09:33 - 0:12:29 - 
                                     ============ Starting epoch 47 ... ============
INFO - 07/27/23 11:09:35 - 0:12:32 -    2360 -  cross_entropy: 0.02 LR: 1.0000e-04
INFO - 07/27/23 11:09:40 - 0:12:36 -    2380 -  cross_entropy: 0.00 LR: 1.0000e-04
INFO - 07/27/23 11:09:44 - 0:12:41 -    2400 -  cross_entropy: 0.00 LR: 1.0000e-04
INFO - 07/27/23 11:09:44 - 0:12:41 - ****************Test of epoch 47 :****************
INFO - 07/27/23 11:09:47 - 0:12:44 - trainset   - xe_loss: 0.33486932547297327, acc_single:100.00 %, acc_total: 100.00 %
INFO - 07/27/23 11:09:48 - 0:12:44 - testset    - xe_loss: 0.3963613884500228, acc_single:100.00 %, acc_total: 100.00 %
INFO - 07/27/23 11:09:48 - 0:12:44 - Best "test_total_acc" update for: 100.00 %
INFO - 07/27/23 11:09:48 - 0:12:44 - Saving the best model in ./dumped/transpose/9p27yz3g5m/best_total_acc.pth
INFO - 07/27/23 11:09:49 - 0:12:45 - Saving the checkpoint model in ./dumped/transpose/9p27yz3g5m/checkpoint/checkpoint_epoch47.pth
INFO - 07/27/23 11:09:49 - 0:12:45 - ============ End of epoch 47 ============
INFO - 07/27/23 11:09:49 - 0:12:45 - Evaluation metric achieved 100.00 % with early exit.
INFO - 07/27/23 11:09:49 - 0:12:45 - 
                                     ****************Testing on a matrix dataset of additional ranks****************
INFO - 07/27/23 11:09:49 - 0:12:45 - Loading data from /public/home/pengwei2022/workspace/_matrix_deep/_diagonal_position_encoding/dataset/TRA/1000_20_20_vd45x ...
INFO - 07/27/23 11:09:49 - 0:12:45 - Loaded 1000 data from the disk.
INFO - 07/27/23 11:09:49 - 0:12:45 - Loading data from /public/home/pengwei2022/workspace/_matrix_deep/_diagonal_position_encoding/dataset/TRA/1000_19_19_mxyni ...
INFO - 07/27/23 11:09:49 - 0:12:45 - Loaded 1000 data from the disk.
INFO - 07/27/23 11:09:49 - 0:12:45 - Loading data from /public/home/pengwei2022/workspace/_matrix_deep/_diagonal_position_encoding/dataset/TRA/1000_18_18_jtkz0 ...
INFO - 07/27/23 11:09:49 - 0:12:45 - Loaded 1000 data from the disk.
INFO - 07/27/23 11:09:49 - 0:12:45 - Loading data from /public/home/pengwei2022/workspace/_matrix_deep/_diagonal_position_encoding/dataset/TRA/1000_17_17_v6nyk ...
INFO - 07/27/23 11:09:49 - 0:12:45 - Loaded 1000 data from the disk.
INFO - 07/27/23 11:09:49 - 0:12:45 - Loading data from /public/home/pengwei2022/workspace/_matrix_deep/_diagonal_position_encoding/dataset/TRA/1000_16_16_6xari ...
INFO - 07/27/23 11:09:49 - 0:12:45 - Loaded 1000 data from the disk.
INFO - 07/27/23 11:09:49 - 0:12:45 - Loading data from /public/home/pengwei2022/workspace/_matrix_deep/_diagonal_position_encoding/dataset/TRA/1000_15_15_agwcw ...
INFO - 07/27/23 11:09:49 - 0:12:45 - Loaded 1000 data from the disk.
INFO - 07/27/23 11:09:49 - 0:12:45 - Loading data from /public/home/pengwei2022/workspace/_matrix_deep/_diagonal_position_encoding/dataset/TRA/1000_14_14_48kuw ...
INFO - 07/27/23 11:09:49 - 0:12:45 - Loaded 1000 data from the disk.
INFO - 07/27/23 11:09:49 - 0:12:45 - Loading data from /public/home/pengwei2022/workspace/_matrix_deep/_diagonal_position_encoding/dataset/TRA/1000_13_13_gfemn ...
INFO - 07/27/23 11:09:49 - 0:12:45 - Loaded 1000 data from the disk.
INFO - 07/27/23 11:09:49 - 0:12:45 - Loading data from /public/home/pengwei2022/workspace/_matrix_deep/_diagonal_position_encoding/dataset/TRA/1000_12_12_sv30k ...
INFO - 07/27/23 11:09:49 - 0:12:46 - Loaded 1000 data from the disk.
INFO - 07/27/23 11:09:49 - 0:12:46 - Loading data from /public/home/pengwei2022/workspace/_matrix_deep/_diagonal_position_encoding/dataset/TRA/1000_11_11_l6jao ...
INFO - 07/27/23 11:09:49 - 0:12:46 - Loaded 1000 data from the disk.
INFO - 07/27/23 11:09:49 - 0:12:46 - Loading data from /public/home/pengwei2022/workspace/_matrix_deep/_diagonal_position_encoding/dataset/TRA/1000_10_10_vtbu7 ...
INFO - 07/27/23 11:09:49 - 0:12:46 - Loaded 1000 data from the disk.
INFO - 07/27/23 11:09:53 - 0:12:49 - rank_20_20 - xe_loss: 0.3471677337735891, acc_single:100.00 %, acc_total: 100.00 %
INFO - 07/27/23 11:09:56 - 0:12:52 - rank_19_19 - xe_loss: 6.8417377366721635, acc_single:100.00 %, acc_total: 100.00 %
INFO - 07/27/23 11:09:58 - 0:12:55 - rank_18_18 - xe_loss: 6.785705130174756, acc_single:100.00 %, acc_total: 100.00 %
INFO - 07/27/23 11:10:01 - 0:12:57 - rank_17_17 - xe_loss: 9.103097091913224, acc_single:99.99 %, acc_total: 99.80 %
INFO - 07/27/23 11:10:03 - 0:12:59 - rank_16_16 - xe_loss: 6.7247922353595495, acc_single:99.99 %, acc_total: 99.60 %
INFO - 07/27/23 11:10:05 - 0:13:01 - rank_15_15 - xe_loss: 8.285180555403233, acc_single:99.99 %, acc_total: 98.90 %
INFO - 07/27/23 11:10:06 - 0:13:02 - rank_14_14 - xe_loss: 9.081514350116253, acc_single:99.99 %, acc_total: 98.20 %
INFO - 07/27/23 11:10:07 - 0:13:04 - rank_13_13 - xe_loss: 9.461395384967327, acc_single:99.98 %, acc_total: 97.90 %
INFO - 07/27/23 11:10:08 - 0:13:05 - rank_12_12 - xe_loss: 7.598424079567194, acc_single:99.96 %, acc_total: 95.80 %
INFO - 07/27/23 11:10:09 - 0:13:06 - rank_11_11 - xe_loss: 7.392561803579331, acc_single:99.97 %, acc_total: 96.50 %
INFO - 07/27/23 11:10:10 - 0:13:06 - rank_10_10 - xe_loss: 8.046123644292354, acc_single:99.97 %, acc_total: 97.80 %
INFO - 07/27/23 11:10:10 - 0:13:06 - Running complete.
